<?xml version="1.0" encoding="UTF-8"?>
<testsuite xmlns:xsi="http://www.w3.org/2001/XMLSchema-instance" xsi:noNamespaceSchemaLocation="https://maven.apache.org/surefire/maven-surefire-plugin/xsd/surefire-test-report.xsd" name="it.polimi.ingsw.controller.ComputerPlayerControllerTest" time="0.062" tests="50" errors="0" skipped="0" failures="0">
  <properties>
[...]
</properties>
  <testcase name="turnTest[1]" classname="it.polimi.ingsw.controller.ComputerPlayerControllerTest" time="0.003"/>
  <testcase name="turnTest[2]" classname="it.polimi.ingsw.controller.ComputerPlayerControllerTest" time="0"/>
  <testcase name="turnTest[3]" classname="it.polimi.ingsw.controller.ComputerPlayerControllerTest" time="0"/>
  <testcase name="turnTest[4]" classname="it.polimi.ingsw.controller.ComputerPlayerControllerTest" time="0"/>
  <testcase name="turnTest[5]" classname="it.polimi.ingsw.controller.ComputerPlayerControllerTest" time="0"/>
  <testcase name="turnTest[6]" classname="it.polimi.ingsw.controller.ComputerPlayerControllerTest" time="0"/>
  <testcase name="turnTest[7]" classname="it.polimi.ingsw.controller.ComputerPlayerControllerTest" time="0"/>
  <testcase name="turnTest[8]" classname="it.polimi.ingsw.controller.ComputerPlayerControllerTest" time="0.001"/>
  <testcase name="turnTest[9]" classname="it.polimi.ingsw.controller.ComputerPlayerControllerTest" time="0"/>
  <testcase name="turnTest[10]" classname="it.polimi.ingsw.controller.ComputerPlayerControllerTest" time="0"/>
  <testcase name="turnTest[11]" classname="it.polimi.ingsw.controller.ComputerPlayerControllerTest" time="0"/>
  <testcase name="turnTest[12]" classname="it.polimi.ingsw.controller.ComputerPlayerControllerTest" time="0"/>
  <testcase name="turnTest[13]" classname="it.polimi.ingsw.controller.ComputerPlayerControllerTest" time="0"/>
  <testcase name="turnTest[14]" classname="it.polimi.ingsw.controller.ComputerPlayerControllerTest" time="0"/>
  <testcase name="turnTest[15]" classname="it.polimi.ingsw.controller.ComputerPlayerControllerTest" time="0.001"/>
  <testcase name="turnTest[16]" classname="it.polimi.ingsw.controller.ComputerPlayerControllerTest" time="0.001"/>
  <testcase name="turnTest[17]" classname="it.polimi.ingsw.controller.ComputerPlayerControllerTest" time="0.001"/>
  <testcase name="turnTest[18]" classname="it.polimi.ingsw.controller.ComputerPlayerControllerTest" time="0.001"/>
  <testcase name="turnTest[19]" classname="it.polimi.ingsw.controller.ComputerPlayerControllerTest" time="0"/>
  <testcase name="turnTest[20]" classname="it.polimi.ingsw.controller.ComputerPlayerControllerTest" time="0"/>
  <testcase name="turnTest[21]" classname="it.polimi.ingsw.controller.ComputerPlayerControllerTest" time="0"/>
  <testcase name="turnTest[22]" classname="it.polimi.ingsw.controller.ComputerPlayerControllerTest" time="0"/>
  <testcase name="turnTest[23]" classname="it.polimi.ingsw.controller.ComputerPlayerControllerTest" time="0"/>
  <testcase name="turnTest[24]" classname="it.polimi.ingsw.controller.ComputerPlayerControllerTest" time="0"/>
  <testcase name="turnTest[25]" classname="it.polimi.ingsw.controller.ComputerPlayerControllerTest" time="0"/>
  <testcase name="turnTest[26]" classname="it.polimi.ingsw.controller.ComputerPlayerControllerTest" time="0"/>
  <testcase name="turnTest[27]" classname="it.polimi.ingsw.controller.ComputerPlayerControllerTest" time="0"/>
  <testcase name="turnTest[28]" classname="it.polimi.ingsw.controller.ComputerPlayerControllerTest" time="0.001"/>
  <testcase name="turnTest[29]" classname="it.polimi.ingsw.controller.ComputerPlayerControllerTest" time="0"/>
  <testcase name="turnTest[30]" classname="it.polimi.ingsw.controller.ComputerPlayerControllerTest" time="0"/>
  <testcase name="turnTest[31]" classname="it.polimi.ingsw.controller.ComputerPlayerControllerTest" time="0"/>
  <testcase name="turnTest[32]" classname="it.polimi.ingsw.controller.ComputerPlayerControllerTest" time="0"/>
  <testcase name="turnTest[33]" classname="it.polimi.ingsw.controller.ComputerPlayerControllerTest" time="0"/>
  <testcase name="turnTest[34]" classname="it.polimi.ingsw.controller.ComputerPlayerControllerTest" time="0"/>
  <testcase name="turnTest[35]" classname="it.polimi.ingsw.controller.ComputerPlayerControllerTest" time="0.001"/>
  <testcase name="turnTest[36]" classname="it.polimi.ingsw.controller.ComputerPlayerControllerTest" time="0"/>
  <testcase name="turnTest[37]" classname="it.polimi.ingsw.controller.ComputerPlayerControllerTest" time="0"/>
  <testcase name="turnTest[38]" classname="it.polimi.ingsw.controller.ComputerPlayerControllerTest" time="0"/>
  <testcase name="turnTest[39]" classname="it.polimi.ingsw.controller.ComputerPlayerControllerTest" time="0"/>
  <testcase name="turnTest[40]" classname="it.polimi.ingsw.controller.ComputerPlayerControllerTest" time="0.001"/>
  <testcase name="turnTest[41]" classname="it.polimi.ingsw.controller.ComputerPlayerControllerTest" time="0"/>
  <testcase name="turnTest[42]" classname="it.polimi.ingsw.controller.ComputerPlayerControllerTest" time="0"/>
  <testcase name="turnTest[43]" classname="it.polimi.ingsw.controller.ComputerPlayerControllerTest" time="0.001"/>
  <testcase name="turnTest[44]" classname="it.polimi.ingsw.controller.ComputerPlayerControllerTest" time="0"/>
  <testcase name="turnTest[45]" classname="it.polimi.ingsw.controller.ComputerPlayerControllerTest" time="0"/>
  <testcase name="turnTest[46]" classname="it.polimi.ingsw.controller.ComputerPlayerControllerTest" time="0.001"/>
  <testcase name="turnTest[47]" classname="it.polimi.ingsw.controller.ComputerPlayerControllerTest" time="0"/>
  <testcase name="turnTest[48]" classname="it.polimi.ingsw.controller.ComputerPlayerControllerTest" time="0"/>
  <testcase name="turnTest[49]" classname="it.polimi.ingsw.controller.ComputerPlayerControllerTest" time="0"/>
  <testcase name="turnTest[50]" classname="it.polimi.ingsw.controller.ComputerPlayerControllerTest" time="0"/>
</testsuite>